<?xml version="1.0" encoding="UTF-8"?>
<testsuite name="FeeControllerTest" tests="1" skipped="0" failures="0" errors="0" timestamp="2019-01-23T20:02:52" hostname="Adityas-MBP.Dlink" time="0.001">
  <properties/>
  <testcase name="getHello" classname="FeeControllerTest" time="0.001"/>
  <system-out><![CDATA[]]></system-out>
  <system-err><![CDATA[]]></system-err>
</testsuite>
